#
# A fatal error has been detected by the Java Runtime Environment:
#
#  SIGSEGV (0xb) at pc=0x00007fb2ed3c3979, pid=6149, tid=140406263547648
#
# JRE version: Java(TM) SE Runtime Environment (7.0_51-b13) (build 1.7.0_51-b13)
# Java VM: Java HotSpot(TM) 64-Bit Server VM (24.51-b03 mixed mode linux-amd64 compressed oops)
# Problematic frame:
# V  [libjvm.so+0x5fb979]  java_lang_String::utf8_length(oopDesc*)+0xd9
#
# Failed to write core dump. Core dumps have been disabled. To enable core dumping, try "ulimit -c unlimited" before starting Java again
#
# If you would like to submit a bug report, please visit:
#   http://bugreport.sun.com/bugreport/crash.jsp
#

---------------  T H R E A D  ---------------

Current thread (0x00007fb2e809d000):  JavaThread "JDWP Transport Listener: dt_socket" daemon [_thread_in_vm, id=6165, stack(0x00007fb2e1668000,0x00007fb2e1769000)]

siginfo:si_signo=SIGSEGV: si_errno=0, si_code=1 (SEGV_MAPERR), si_addr=0x000000000000000c

Registers:
RAX=0x000000000000000c, RBX=0x00007fb2b8005348, RCX=0x0000000000000000, RDX=0x0000000000000000
RSP=0x00007fb2e17677a0, RBP=0x00007fb2e17677b0, RSI=0x000000000000000c, RDI=0x00000007d6f4dc88
R8 =0x0000000000000000, R9 =0x0000000000000001, R10=0x000000000000001a, R11=0x00007fb2ed40cef0
R12=0x0000000000000000, R13=0x00007fb2e809d000, R14=0x00007fb2e17678a0, R15=0x0000000000000000
RIP=0x00007fb2ed3c3979, EFLAGS=0x0000000000010246, CSGSFS=0x0000000000000033, ERR=0x0000000000000004
  TRAPNO=0x000000000000000e

Top of Stack: (sp=0x00007fb2e17677a0)
0x00007fb2e17677a0:   00007fb2b8005348 00000007d6f4dc88
0x00007fb2e17677b0:   00007fb2e1767820 00007fb2ed41600b
0x00007fb2e17677c0:   00007fb2e809d000 0000000000000000
0x00007fb2e17677d0:   00007fb2e1767820 00007fb2ec26ef12
0x00007fb2e17677e0:   00007fb2e809d000 000000000000000a
0x00007fb2e17677f0:   00007fb2e1767820 00007fb2e1767a30
0x00007fb2e1767800:   00007fb2e809d1e8 00007fb2b8005348
0x00007fb2e1767810:   00007fb2e17678a0 00007fb2ec482120
0x00007fb2e1767820:   00007fb2e1767860 00007fb2ec251322
0x00007fb2e1767830:   0000000000000248 000000000000000a
0x00007fb2e1767840:   0000000000000001 000000000000000a
0x00007fb2e1767850:   0000000000010a00 0000000000000001
0x00007fb2e1767860:   00007fb2e1767ab0 00007fb2ec2598e6
0x00007fb2e1767870:   0000024800000013 00007fb2ed010a00
0x00007fb2e1767880:   00007fb2b0000b70 00007fb2ec482120
0x00007fb2e1767890:   00007fb2e17678a0 00007fb2e1767a30
0x00007fb2e17678a0:   00007fb2e17678f0 00007fb20000012c
0x00007fb2e17678b0:   00007fb2e17678b8 0000000000000000
0x00007fb2e17678c0:   00007fb2e17678f0 0000000000000000
0x00007fb2e17678d0:   0000000000000000 000002480000000f
0x00007fb2e17678e0:   00007fb200007980 00007fb2e17678f0
0x00007fb2e17678f0:   6e69616d31000000 1300000000000000
0x00007fb2e1767900:   0000000004000000 a700000000000000
0x00007fb2e1767910:   0400000000000000 00000000090c0000
0x00007fb2e1767920:   a800000009000000 1300000000000000
0x00007fb2e1767930:   2f617661a9000000 6d6f432f676e616c
0x00007fb2e1767940:   3c656c6261726170 616c2f6176616a4c
0x00007fb2e1767950:   6e697274532f676e 76616a4c3b3e3b67
0x00007fb2e1767960:   432f676e616c2f61 6575716553726168
0x00007fb2e1767970:   3c0600003b65636e 0000003e74696e69
0x00007fb2e1767980:   56294949435b2807 0100000000000000
0x00007fb2e1767990:   c05100b8b27f0000 696e693c06000000 

Instructions: (pc=0x00007fb2ed3c3979)
0x00007fb2ed3c3959:   08 48 d3 e2 48 03 10 b8 0c 00 00 00 eb 12 66 0f
0x00007fb2ed3c3969:   1f 84 00 00 00 00 00 48 8b 14 37 b8 10 00 00 00
0x00007fb2ed3c3979:   8b 1c 02 e9 6b ff ff ff 90 66 66 66 66 66 2e 0f
0x00007fb2ed3c3989:   1f 84 00 00 00 00 00 55 48 89 e5 41 54 53 48 83 

Register to memory mapping:

RAX=0x000000000000000c is an unknown value
RBX=0x00007fb2b8005348 is a global jni handle
RCX=0x0000000000000000 is an unknown value
RDX=0x0000000000000000 is an unknown value
RSP=0x00007fb2e17677a0 is pointing into the stack for thread: 0x00007fb2e809d000
RBP=0x00007fb2e17677b0 is pointing into the stack for thread: 0x00007fb2e809d000
RSI=0x000000000000000c is an unknown value
RDI=0x00000007d6f4dc88 is an oop
java.lang.String 
 - klass: 'java/lang/String'
R8 =0x0000000000000000 is an unknown value
R9 =0x0000000000000001 is an unknown value
R10=0x000000000000001a is an unknown value
R11=0x00007fb2ed40cef0: <offset 0x644ef0> in /usr/lib/jvm/java-7-oracle/jre/lib/amd64/server/libjvm.so at 0x00007fb2ecdc8000
R12=0x0000000000000000 is an unknown value
R13=0x00007fb2e809d000 is a thread
R14=0x00007fb2e17678a0 is pointing into the stack for thread: 0x00007fb2e809d000
R15=0x0000000000000000 is an unknown value


Stack: [0x00007fb2e1668000,0x00007fb2e1769000],  sp=0x00007fb2e17677a0,  free space=1021k
Native frames: (J=compiled Java code, j=interpreted, Vv=VM code, C=native code)
V  [libjvm.so+0x5fb979]  java_lang_String::utf8_length(oopDesc*)+0xd9
V  [libjvm.so+0x64e00b]  jni_GetStringUTFChars+0xab
C  [libjdwp.so+0x9322]  value+0x92
C  [libjdwp.so+0x118e6]  debugLoop_run+0x2b6
C  [libjdwp.so+0x2432f]  attachThread+0x2f
V  [libjvm.so+0x6f45a7]  JvmtiAgentThread::call_start_function()+0x97
V  [libjvm.so+0x94d5ff]  JavaThread::thread_main_inner()+0xdf
V  [libjvm.so+0x94d705]  JavaThread::run()+0xf5
V  [libjvm.so+0x815538]  java_start(Thread*)+0x108


---------------  P R O C E S S  ---------------

Java Threads: ( => current thread )
  0x00007fb2e80a8800 JavaThread "Service Thread" daemon [_thread_blocked, id=6175, stack(0x00007fb2e1163000,0x00007fb2e1264000)]
  0x00007fb2e80a6000 JavaThread "C2 CompilerThread1" daemon [_thread_blocked, id=6174, stack(0x00007fb2e1264000,0x00007fb2e1365000)]
  0x00007fb2e80a3000 JavaThread "C2 CompilerThread0" daemon [_thread_blocked, id=6173, stack(0x00007fb2e1365000,0x00007fb2e1466000)]
  0x00007fb2b8001000 JavaThread "JDWP Command Reader" daemon [_thread_in_native, id=6169, stack(0x00007fb2e1466000,0x00007fb2e1567000)]
  0x00007fb2e80a0800 JavaThread "JDWP Event Helper Thread" daemon [_thread_blocked, id=6166, stack(0x00007fb2e1567000,0x00007fb2e1668000)]
=>0x00007fb2e809d000 JavaThread "JDWP Transport Listener: dt_socket" daemon [_thread_in_vm, id=6165, stack(0x00007fb2e1668000,0x00007fb2e1769000)]
  0x00007fb2e8088000 JavaThread "Signal Dispatcher" daemon [_thread_blocked, id=6163, stack(0x00007fb2e196d000,0x00007fb2e1a6e000)]
  0x00007fb2e8072000 JavaThread "Finalizer" daemon [_thread_blocked, id=6162, stack(0x00007fb2e1a6e000,0x00007fb2e1b6f000)]
  0x00007fb2e806e000 JavaThread "Reference Handler" daemon [_thread_blocked, id=6161, stack(0x00007fb2e1b6f000,0x00007fb2e1c70000)]
  0x00007fb2e800c000 JavaThread "main" [_thread_blocked, id=6155, stack(0x00007fb2ee734000,0x00007fb2ee835000)]

Other Threads:
  0x00007fb2e806b800 VMThread [stack: 0x00007fb2e1c70000,0x00007fb2e1d71000] [id=6160]
  0x00007fb2e80bb000 WatcherThread [stack: 0x00007fb2e1062000,0x00007fb2e1163000] [id=6176]

VM state:not at safepoint (normal execution)

VM Mutex/Monitor currently owned by a thread: None

Heap
 PSYoungGen      total 36864K, used 1269K [0x00000007d6f00000, 0x00000007d9800000, 0x0000000800000000)
  eden space 31744K, 4% used [0x00000007d6f00000,0x00000007d703d788,0x00000007d8e00000)
  from space 5120K, 0% used [0x00000007d9300000,0x00000007d9300000,0x00000007d9800000)
  to   space 5120K, 0% used [0x00000007d8e00000,0x00000007d8e00000,0x00000007d9300000)
 ParOldGen       total 83968K, used 0K [0x0000000784e00000, 0x000000078a000000, 0x00000007d6f00000)
  object space 83968K, 0% used [0x0000000784e00000,0x0000000784e00000,0x000000078a000000)
 PSPermGen       total 21504K, used 2411K [0x000000077fc00000, 0x0000000781100000, 0x0000000784e00000)
  object space 21504K, 11% used [0x000000077fc00000,0x000000077fe5ad50,0x0000000781100000)

Card table byte_map: [0x00007fb2e3ac5000,0x00007fb2e3ec8000] byte_map_base: 0x00007fb2dfec7000

Polling page: 0x00007fb2ee84d000

Code Cache  [0x00007fb2e3ec8000, 0x00007fb2e4138000, 0x00007fb2e6ec8000)
 total_blobs=157 nmethods=0 adapters=134 free_code_cache=48776Kb largest_free_block=49947200

Compilation events (0 events):
No events

GC Heap History (0 events):
No events

Deoptimization events (0 events):
No events

Internal exceptions (2 events):
Event: 0.018 Thread 0x00007fb2e800c000 Threw 0x00000007d6f102e0 at /HUDSON/workspace/7u-2-build-linux-amd64@2/jdk7u51/527/hotspot/src/share/vm/prims/jni.cpp:3991
Event: 0.125 Thread 0x00007fb2e800c000 Threw 0x00000007d6f480a8 at /HUDSON/workspace/7u-2-build-linux-amd64@2/jdk7u51/527/hotspot/src/share/vm/prims/jvm.cpp:1244

Events (10 events):
Event: 12.792 Executing VM operation: EnterInterpOnlyMode
Event: 12.792 Executing VM operation: EnterInterpOnlyMode done
Event: 12.792 Executing VM operation: GetCurrentLocation
Event: 12.792 Executing VM operation: GetCurrentLocation done
Event: 12.792 Executing VM operation: ChangeSingleStep
Event: 12.792 Executing VM operation: ChangeSingleStep done
Event: 12.793 Executing VM operation: ChangeSingleStep
Event: 12.793 Executing VM operation: ChangeSingleStep done
Event: 12.823 Executing VM operation: GetOrSetLocal
Event: 12.823 Executing VM operation: GetOrSetLocal done


Dynamic libraries:
00400000-00401000 r-xp 00000000 08:02 5374824                            /usr/lib/jvm/java-7-oracle/bin/java
00600000-00601000 rw-p 00000000 08:02 5374824                            /usr/lib/jvm/java-7-oracle/bin/java
00c05000-00c26000 rw-p 00000000 00:00 0                                  [heap]
77fc00000-781100000 rw-p 00000000 00:00 0 
781100000-784e00000 rw-p 00000000 00:00 0 
784e00000-78a000000 rw-p 00000000 00:00 0 
78a000000-7d6f00000 rw-p 00000000 00:00 0 
7d6f00000-7d9800000 rw-p 00000000 00:00 0 
7d9800000-800000000 rw-p 00000000 00:00 0 
7fb294000000-7fb294021000 rw-p 00000000 00:00 0 
7fb294021000-7fb298000000 ---p 00000000 00:00 0 
7fb29c000000-7fb29c021000 rw-p 00000000 00:00 0 
7fb29c021000-7fb2a0000000 ---p 00000000 00:00 0 
7fb2a4000000-7fb2a4021000 rw-p 00000000 00:00 0 
7fb2a4021000-7fb2a8000000 ---p 00000000 00:00 0 
7fb2a8000000-7fb2a8021000 rw-p 00000000 00:00 0 
7fb2a8021000-7fb2ac000000 ---p 00000000 00:00 0 
7fb2ac000000-7fb2ac021000 rw-p 00000000 00:00 0 
7fb2ac021000-7fb2b0000000 ---p 00000000 00:00 0 
7fb2b0000000-7fb2b0021000 rw-p 00000000 00:00 0 
7fb2b0021000-7fb2b4000000 ---p 00000000 00:00 0 
7fb2b4000000-7fb2b4021000 rw-p 00000000 00:00 0 
7fb2b4021000-7fb2b8000000 ---p 00000000 00:00 0 
7fb2b8000000-7fb2b8021000 rw-p 00000000 00:00 0 
7fb2b8021000-7fb2bc000000 ---p 00000000 00:00 0 
7fb2bc000000-7fb2bc021000 rw-p 00000000 00:00 0 
7fb2bc021000-7fb2c0000000 ---p 00000000 00:00 0 
7fb2c0000000-7fb2c0021000 rw-p 00000000 00:00 0 
7fb2c0021000-7fb2c4000000 ---p 00000000 00:00 0 
7fb2c4000000-7fb2c4021000 rw-p 00000000 00:00 0 
7fb2c4021000-7fb2c8000000 ---p 00000000 00:00 0 
7fb2cbfe0000-7fb2d0000000 rw-p 00000000 00:00 0 
7fb2d0000000-7fb2d0021000 rw-p 00000000 00:00 0 
7fb2d0021000-7fb2d4000000 ---p 00000000 00:00 0 
7fb2d4000000-7fb2d4021000 rw-p 00000000 00:00 0 
7fb2d4021000-7fb2d8000000 ---p 00000000 00:00 0 
7fb2d8000000-7fb2d8021000 rw-p 00000000 00:00 0 
7fb2d8021000-7fb2dc000000 ---p 00000000 00:00 0 
7fb2dc000000-7fb2dc021000 rw-p 00000000 00:00 0 
7fb2dc021000-7fb2e0000000 ---p 00000000 00:00 0 
7fb2e0e1d000-7fb2e1062000 rw-p 00000000 00:00 0 
7fb2e1062000-7fb2e1063000 ---p 00000000 00:00 0 
7fb2e1063000-7fb2e1163000 rw-p 00000000 00:00 0                          [stack:6176]
7fb2e1163000-7fb2e1166000 ---p 00000000 00:00 0 
7fb2e1166000-7fb2e1264000 rw-p 00000000 00:00 0                          [stack:6175]
7fb2e1264000-7fb2e1267000 ---p 00000000 00:00 0 
7fb2e1267000-7fb2e1365000 rw-p 00000000 00:00 0                          [stack:6174]
7fb2e1365000-7fb2e1368000 ---p 00000000 00:00 0 
7fb2e1368000-7fb2e1466000 rw-p 00000000 00:00 0                          [stack:6173]
7fb2e1466000-7fb2e1469000 ---p 00000000 00:00 0 
7fb2e1469000-7fb2e1567000 rw-p 00000000 00:00 0                          [stack:6169]
7fb2e1567000-7fb2e156a000 ---p 00000000 00:00 0 
7fb2e156a000-7fb2e1668000 rw-p 00000000 00:00 0                          [stack:6166]
7fb2e1668000-7fb2e166b000 ---p 00000000 00:00 0 
7fb2e166b000-7fb2e1769000 rw-p 00000000 00:00 0                          [stack:6165]
7fb2e1769000-7fb2e176d000 r-xp 00000000 08:02 4865359                    /usr/lib/jvm/java-7-oracle/jre/lib/amd64/libdt_socket.so
7fb2e176d000-7fb2e196c000 ---p 00004000 08:02 4865359                    /usr/lib/jvm/java-7-oracle/jre/lib/amd64/libdt_socket.so
7fb2e196c000-7fb2e196d000 rw-p 00003000 08:02 4865359                    /usr/lib/jvm/java-7-oracle/jre/lib/amd64/libdt_socket.so
7fb2e196d000-7fb2e1970000 ---p 00000000 00:00 0 
7fb2e1970000-7fb2e1a6e000 rw-p 00000000 00:00 0                          [stack:6163]
7fb2e1a6e000-7fb2e1a71000 ---p 00000000 00:00 0 
7fb2e1a71000-7fb2e1b6f000 rw-p 00000000 00:00 0                          [stack:6162]
7fb2e1b6f000-7fb2e1b72000 ---p 00000000 00:00 0 
7fb2e1b72000-7fb2e1c70000 rw-p 00000000 00:00 0                          [stack:6161]
7fb2e1c70000-7fb2e1c71000 ---p 00000000 00:00 0 
7fb2e1c71000-7fb2e2d4f000 rw-p 00000000 00:00 0                          [stack:6160]
7fb2e2d4f000-7fb2e2f0c000 r--s 039bf000 08:02 4862370                    /usr/lib/jvm/java-7-oracle/jre/lib/rt.jar
7fb2e2f0c000-7fb2e3430000 rw-p 00000000 00:00 0 
7fb2e3430000-7fb2e3431000 ---p 00000000 00:00 0 
7fb2e3431000-7fb2e3531000 rw-p 00000000 00:00 0                          [stack:6159]
7fb2e3531000-7fb2e3532000 ---p 00000000 00:00 0 
7fb2e3532000-7fb2e3632000 rw-p 00000000 00:00 0                          [stack:6158]
7fb2e3632000-7fb2e3633000 ---p 00000000 00:00 0 
7fb2e3633000-7fb2e3733000 rw-p 00000000 00:00 0                          [stack:6157]
7fb2e3733000-7fb2e3734000 ---p 00000000 00:00 0 
7fb2e3734000-7fb2e385d000 rw-p 00000000 00:00 0                          [stack:6156]
7fb2e385d000-7fb2e3ac5000 rw-p 00000000 00:00 0 
7fb2e3ac5000-7fb2e3ad0000 rw-p 00000000 00:00 0 
7fb2e3ad0000-7fb2e3aee000 rw-p 00000000 00:00 0 
7fb2e3aee000-7fb2e3b17000 rw-p 00000000 00:00 0 
7fb2e3b17000-7fb2e3d7e000 rw-p 00000000 00:00 0 
7fb2e3d7e000-7fb2e3d93000 rw-p 00000000 00:00 0 
7fb2e3d93000-7fb2e3ec7000 rw-p 00000000 00:00 0 
7fb2e3ec7000-7fb2e3ec8000 rw-p 00000000 00:00 0 
7fb2e3ec8000-7fb2e4138000 rwxp 00000000 00:00 0 
7fb2e4138000-7fb2e6ec8000 rw-p 00000000 00:00 0 
7fb2e6ec8000-7fb2e6ee2000 r-xp 00000000 08:02 4865383                    /usr/lib/jvm/java-7-oracle/jre/lib/amd64/libzip.so
7fb2e6ee2000-7fb2e70e2000 ---p 0001a000 08:02 4865383                    /usr/lib/jvm/java-7-oracle/jre/lib/amd64/libzip.so
7fb2e70e2000-7fb2e70e3000 rw-p 0001a000 08:02 4865383                    /usr/lib/jvm/java-7-oracle/jre/lib/amd64/libzip.so
7fb2e70e3000-7fb2e70ef000 r-xp 00000000 08:02 3673786                    /lib/x86_64-linux-gnu/libnss_files-2.17.so
7fb2e70ef000-7fb2e72ee000 ---p 0000c000 08:02 3673786                    /lib/x86_64-linux-gnu/libnss_files-2.17.so
7fb2e72ee000-7fb2e72ef000 r--p 0000b000 08:02 3673786                    /lib/x86_64-linux-gnu/libnss_files-2.17.so
7fb2e72ef000-7fb2e72f0000 rw-p 0000c000 08:02 3673786                    /lib/x86_64-linux-gnu/libnss_files-2.17.so
7fb2e72f0000-7fb2e72fb000 r-xp 00000000 08:02 3673781                    /lib/x86_64-linux-gnu/libnss_nis-2.17.so
7fb2e72fb000-7fb2e74fa000 ---p 0000b000 08:02 3673781                    /lib/x86_64-linux-gnu/libnss_nis-2.17.so
7fb2e74fa000-7fb2e74fb000 r--p 0000a000 08:02 3673781                    /lib/x86_64-linux-gnu/libnss_nis-2.17.so
7fb2e74fb000-7fb2e74fc000 rw-p 0000b000 08:02 3673781                    /lib/x86_64-linux-gnu/libnss_nis-2.17.so
7fb2e74fc000-7fb2e7513000 r-xp 00000000 08:02 3670828                    /lib/x86_64-linux-gnu/libnsl-2.17.so
7fb2e7513000-7fb2e7712000 ---p 00017000 08:02 3670828                    /lib/x86_64-linux-gnu/libnsl-2.17.so
7fb2e7712000-7fb2e7713000 r--p 00016000 08:02 3670828                    /lib/x86_64-linux-gnu/libnsl-2.17.so
7fb2e7713000-7fb2e7714000 rw-p 00017000 08:02 3670828                    /lib/x86_64-linux-gnu/libnsl-2.17.so
7fb2e7714000-7fb2e7716000 rw-p 00000000 00:00 0 
7fb2e7716000-7fb2e771e000 r-xp 00000000 08:02 3673725                    /lib/x86_64-linux-gnu/libnss_compat-2.17.so
7fb2e771e000-7fb2e791d000 ---p 00008000 08:02 3673725                    /lib/x86_64-linux-gnu/libnss_compat-2.17.so
7fb2e791d000-7fb2e791e000 r--p 00007000 08:02 3673725                    /lib/x86_64-linux-gnu/libnss_compat-2.17.so
7fb2e791e000-7fb2e791f000 rw-p 00008000 08:02 3673725                    /lib/x86_64-linux-gnu/libnss_compat-2.17.so
7fb2e791f000-7fb2e8000000 r--p 00000000 08:02 4856188                    /usr/lib/locale/locale-archive
7fb2e8000000-7fb2e80c3000 rw-p 00000000 00:00 0 
7fb2e80c3000-7fb2ec000000 ---p 00000000 00:00 0 
7fb2ec01c000-7fb2ec027000 rw-p 00000000 00:00 0 
7fb2ec027000-7fb2ec045000 rw-p 00000000 00:00 0 
7fb2ec045000-7fb2ec048000 r-xp 00000000 08:02 4865373                    /usr/lib/jvm/java-7-oracle/jre/lib/amd64/libnpt.so
7fb2ec048000-7fb2ec247000 ---p 00003000 08:02 4865373                    /usr/lib/jvm/java-7-oracle/jre/lib/amd64/libnpt.so
7fb2ec247000-7fb2ec248000 rw-p 00002000 08:02 4865373                    /usr/lib/jvm/java-7-oracle/jre/lib/amd64/libnpt.so
7fb2ec248000-7fb2ec281000 r-xp 00000000 08:02 4865350                    /usr/lib/jvm/java-7-oracle/jre/lib/amd64/libjdwp.so
7fb2ec281000-7fb2ec481000 ---p 00039000 08:02 4865350                    /usr/lib/jvm/java-7-oracle/jre/lib/amd64/libjdwp.so
7fb2ec481000-7fb2ec482000 rw-p 00039000 08:02 4865350                    /usr/lib/jvm/java-7-oracle/jre/lib/amd64/libjdwp.so
7fb2ec482000-7fb2ec483000 rw-p 00000000 00:00 0 
7fb2ec483000-7fb2ec4ac000 r-xp 00000000 08:02 4865368                    /usr/lib/jvm/java-7-oracle/jre/lib/amd64/libjava.so
7fb2ec4ac000-7fb2ec6ac000 ---p 00029000 08:02 4865368                    /usr/lib/jvm/java-7-oracle/jre/lib/amd64/libjava.so
7fb2ec6ac000-7fb2ec6ae000 rw-p 00029000 08:02 4865368                    /usr/lib/jvm/java-7-oracle/jre/lib/amd64/libjava.so
7fb2ec6ae000-7fb2ec6bb000 r-xp 00000000 08:02 4865365                    /usr/lib/jvm/java-7-oracle/jre/lib/amd64/libverify.so
7fb2ec6bb000-7fb2ec8ba000 ---p 0000d000 08:02 4865365                    /usr/lib/jvm/java-7-oracle/jre/lib/amd64/libverify.so
7fb2ec8ba000-7fb2ec8bc000 rw-p 0000c000 08:02 4865365                    /usr/lib/jvm/java-7-oracle/jre/lib/amd64/libverify.so
7fb2ec8bc000-7fb2ec8c3000 r-xp 00000000 08:02 3673788                    /lib/x86_64-linux-gnu/librt-2.17.so
7fb2ec8c3000-7fb2ecac2000 ---p 00007000 08:02 3673788                    /lib/x86_64-linux-gnu/librt-2.17.so
7fb2ecac2000-7fb2ecac3000 r--p 00006000 08:02 3673788                    /lib/x86_64-linux-gnu/librt-2.17.so
7fb2ecac3000-7fb2ecac4000 rw-p 00007000 08:02 3673788                    /lib/x86_64-linux-gnu/librt-2.17.so
7fb2ecac4000-7fb2ecbc7000 r-xp 00000000 08:02 3673743                    /lib/x86_64-linux-gnu/libm-2.17.so
7fb2ecbc7000-7fb2ecdc6000 ---p 00103000 08:02 3673743                    /lib/x86_64-linux-gnu/libm-2.17.so
7fb2ecdc6000-7fb2ecdc7000 r--p 00102000 08:02 3673743                    /lib/x86_64-linux-gnu/libm-2.17.so
7fb2ecdc7000-7fb2ecdc8000 rw-p 00103000 08:02 3673743                    /lib/x86_64-linux-gnu/libm-2.17.so
7fb2ecdc8000-7fb2ed92a000 r-xp 00000000 08:02 5123953                    /usr/lib/jvm/java-7-oracle/jre/lib/amd64/server/libjvm.so
7fb2ed92a000-7fb2edb2a000 ---p 00b62000 08:02 5123953                    /usr/lib/jvm/java-7-oracle/jre/lib/amd64/server/libjvm.so
7fb2edb2a000-7fb2edbed000 rw-p 00b62000 08:02 5123953                    /usr/lib/jvm/java-7-oracle/jre/lib/amd64/server/libjvm.so
7fb2edbed000-7fb2edc2e000 rw-p 00000000 00:00 0 
7fb2edc2e000-7fb2eddeb000 r-xp 00000000 08:02 3673799                    /lib/x86_64-linux-gnu/libc-2.17.so
7fb2eddeb000-7fb2edfeb000 ---p 001bd000 08:02 3673799                    /lib/x86_64-linux-gnu/libc-2.17.so
7fb2edfeb000-7fb2edfef000 r--p 001bd000 08:02 3673799                    /lib/x86_64-linux-gnu/libc-2.17.so
7fb2edfef000-7fb2edff1000 rw-p 001c1000 08:02 3673799                    /lib/x86_64-linux-gnu/libc-2.17.so
7fb2edff1000-7fb2edff6000 rw-p 00000000 00:00 0 
7fb2edff6000-7fb2edff9000 r-xp 00000000 08:02 3673806                    /lib/x86_64-linux-gnu/libdl-2.17.so
7fb2edff9000-7fb2ee1f8000 ---p 00003000 08:02 3673806                    /lib/x86_64-linux-gnu/libdl-2.17.so
7fb2ee1f8000-7fb2ee1f9000 r--p 00002000 08:02 3673806                    /lib/x86_64-linux-gnu/libdl-2.17.so
7fb2ee1f9000-7fb2ee1fa000 rw-p 00003000 08:02 3673806                    /lib/x86_64-linux-gnu/libdl-2.17.so
7fb2ee1fa000-7fb2ee210000 r-xp 00000000 08:02 5374813                    /usr/lib/jvm/java-7-oracle/lib/amd64/jli/libjli.so
7fb2ee210000-7fb2ee410000 ---p 00016000 08:02 5374813                    /usr/lib/jvm/java-7-oracle/lib/amd64/jli/libjli.so
7fb2ee410000-7fb2ee411000 rw-p 00016000 08:02 5374813                    /usr/lib/jvm/java-7-oracle/lib/amd64/jli/libjli.so
7fb2ee411000-7fb2ee428000 r-xp 00000000 08:02 3673807                    /lib/x86_64-linux-gnu/libpthread-2.17.so
7fb2ee428000-7fb2ee628000 ---p 00017000 08:02 3673807                    /lib/x86_64-linux-gnu/libpthread-2.17.so
7fb2ee628000-7fb2ee629000 r--p 00017000 08:02 3673807                    /lib/x86_64-linux-gnu/libpthread-2.17.so
7fb2ee629000-7fb2ee62a000 rw-p 00018000 08:02 3673807                    /lib/x86_64-linux-gnu/libpthread-2.17.so
7fb2ee62a000-7fb2ee62e000 rw-p 00000000 00:00 0 
7fb2ee62e000-7fb2ee651000 r-xp 00000000 08:02 3673773                    /lib/x86_64-linux-gnu/ld-2.17.so
7fb2ee653000-7fb2ee67e000 rw-p 00000000 00:00 0 
7fb2ee67e000-7fb2ee734000 rw-p 00000000 00:00 0 
7fb2ee734000-7fb2ee737000 ---p 00000000 00:00 0 
7fb2ee737000-7fb2ee839000 rw-p 00000000 00:00 0                          [stack:6155]
7fb2ee842000-7fb2ee844000 rw-p 00000000 00:00 0 
7fb2ee844000-7fb2ee84c000 rw-s 00000000 08:02 3801728                    /tmp/hsperfdata_zhaosheng/6149
7fb2ee84c000-7fb2ee84d000 rw-p 00000000 00:00 0 
7fb2ee84d000-7fb2ee84e000 r--p 00000000 00:00 0 
7fb2ee84e000-7fb2ee850000 rw-p 00000000 00:00 0 
7fb2ee850000-7fb2ee851000 r--p 00022000 08:02 3673773                    /lib/x86_64-linux-gnu/ld-2.17.so
7fb2ee851000-7fb2ee853000 rw-p 00023000 08:02 3673773                    /lib/x86_64-linux-gnu/ld-2.17.so
7fff76856000-7fff76877000 rw-p 00000000 00:00 0                          [stack]
7fff769fe000-7fff76a00000 r-xp 00000000 00:00 0                          [vdso]
ffffffffff600000-ffffffffff601000 r-xp 00000000 00:00 0                  [vsyscall]

VM Arguments:
jvm_args: -agentlib:jdwp=transport=dt_socket,suspend=y,address=localhost:50127 -Dfile.encoding=UTF-8 
java_command: chapter1.question4
Launcher Type: SUN_STANDARD

Environment Variables:
PATH=/usr/lib/lightdm/lightdm:/usr/local/sbin:/usr/local/bin:/usr/sbin:/usr/bin:/sbin:/bin:/usr/games:/usr/local/games
SHELL=/bin/bash
DISPLAY=:0.0

Signal Handlers:
SIGSEGV: [libjvm.so+0x993870], sa_mask[0]=0x7ffbfeff, sa_flags=0x10000004
SIGBUS: [libjvm.so+0x993870], sa_mask[0]=0x7ffbfeff, sa_flags=0x10000004
SIGFPE: [libjvm.so+0x8105b0], sa_mask[0]=0x7ffbfeff, sa_flags=0x10000004
SIGPIPE: [libjvm.so+0x8105b0], sa_mask[0]=0x7ffbfeff, sa_flags=0x10000004
SIGXFSZ: [libjvm.so+0x8105b0], sa_mask[0]=0x7ffbfeff, sa_flags=0x10000004
SIGILL: [libjvm.so+0x8105b0], sa_mask[0]=0x7ffbfeff, sa_flags=0x10000004
SIGUSR1: SIG_DFL, sa_mask[0]=0x00000000, sa_flags=0x00000000
SIGUSR2: [libjvm.so+0x811aa0], sa_mask[0]=0x00000004, sa_flags=0x10000004
SIGHUP: [libjvm.so+0x812a10], sa_mask[0]=0x7ffbfeff, sa_flags=0x10000004
SIGINT: [libjvm.so+0x812a10], sa_mask[0]=0x7ffbfeff, sa_flags=0x10000004
SIGTERM: [libjvm.so+0x812a10], sa_mask[0]=0x7ffbfeff, sa_flags=0x10000004
SIGQUIT: [libjvm.so+0x812a10], sa_mask[0]=0x7ffbfeff, sa_flags=0x10000004


---------------  S Y S T E M  ---------------

OS:wheezy/sid

uname:Linux 3.11.0-15-generic #23-Ubuntu SMP Mon Dec 9 18:17:04 UTC 2013 x86_64
libc:glibc 2.17 NPTL 2.17 
rlimit: STACK 8192k, CORE 0k, NPROC 61082, NOFILE 4096, AS infinity
load average:0.18 0.09 0.06

/proc/meminfo:
MemTotal:        8062904 kB
MemFree:         1308188 kB
Buffers:          476192 kB
Cached:          3901840 kB
SwapCached:            0 kB
Active:          4193544 kB
Inactive:        2061504 kB
Active(anon):    1879964 kB
Inactive(anon):   368808 kB
Active(file):    2313580 kB
Inactive(file):  1692696 kB
Unevictable:         420 kB
Mlocked:             420 kB
SwapTotal:       8598524 kB
SwapFree:        8598524 kB
Dirty:               724 kB
Writeback:             0 kB
AnonPages:       1877924 kB
Mapped:           382580 kB
Shmem:            371548 kB
Slab:             351556 kB
SReclaimable:     309504 kB
SUnreclaim:        42052 kB
KernelStack:        5704 kB
PageTables:        54564 kB
NFS_Unstable:          0 kB
Bounce:                0 kB
WritebackTmp:          0 kB
CommitLimit:    12629976 kB
Committed_AS:    7086024 kB
VmallocTotal:   34359738367 kB
VmallocUsed:      442476 kB
VmallocChunk:   34359289432 kB
HardwareCorrupted:     0 kB
AnonHugePages:         0 kB
HugePages_Total:       0
HugePages_Free:        0
HugePages_Rsvd:        0
HugePages_Surp:        0
Hugepagesize:       2048 kB
DirectMap4k:       90332 kB
DirectMap2M:     8255488 kB


CPU:total 4 (4 cores per cpu, 1 threads per core) family 6 model 58 stepping 9, cmov, cx8, fxsr, mmx, sse, sse2, sse3, ssse3, sse4.1, sse4.2, popcnt, avx, aes, erms, tsc, tscinvbit, tscinv

/proc/cpuinfo:
processor	: 0
vendor_id	: GenuineIntel
cpu family	: 6
model		: 58
model name	: Intel(R) Core(TM) i5-3450 CPU @ 3.10GHz
stepping	: 9
microcode	: 0x12
cpu MHz		: 2000.000
cache size	: 6144 KB
physical id	: 0
siblings	: 4
core id		: 0
cpu cores	: 4
apicid		: 0
initial apicid	: 0
fpu		: yes
fpu_exception	: yes
cpuid level	: 13
wp		: yes
flags		: fpu vme de pse tsc msr pae mce cx8 apic sep mtrr pge mca cmov pat pse36 clflush dts acpi mmx fxsr sse sse2 ss ht tm pbe syscall nx rdtscp lm constant_tsc arch_perfmon pebs bts rep_good nopl xtopology nonstop_tsc aperfmperf eagerfpu pni pclmulqdq dtes64 monitor ds_cpl vmx est tm2 ssse3 cx16 xtpr pdcm pcid sse4_1 sse4_2 popcnt tsc_deadline_timer aes xsave avx f16c rdrand lahf_lm ida arat epb xsaveopt pln pts dtherm tpr_shadow vnmi flexpriority ept vpid fsgsbase smep erms
bogomips	: 6186.30
clflush size	: 64
cache_alignment	: 64
address sizes	: 36 bits physical, 48 bits virtual
power management:

processor	: 1
vendor_id	: GenuineIntel
cpu family	: 6
model		: 58
model name	: Intel(R) Core(TM) i5-3450 CPU @ 3.10GHz
stepping	: 9
microcode	: 0x12
cpu MHz		: 1600.000
cache size	: 6144 KB
physical id	: 0
siblings	: 4
core id		: 1
cpu cores	: 4
apicid		: 2
initial apicid	: 2
fpu		: yes
fpu_exception	: yes
cpuid level	: 13
wp		: yes
flags		: fpu vme de pse tsc msr pae mce cx8 apic sep mtrr pge mca cmov pat pse36 clflush dts acpi mmx fxsr sse sse2 ss ht tm pbe syscall nx rdtscp lm constant_tsc arch_perfmon pebs bts rep_good nopl xtopology nonstop_tsc aperfmperf eagerfpu pni pclmulqdq dtes64 monitor ds_cpl vmx est tm2 ssse3 cx16 xtpr pdcm pcid sse4_1 sse4_2 popcnt tsc_deadline_timer aes xsave avx f16c rdrand lahf_lm ida arat epb xsaveopt pln pts dtherm tpr_shadow vnmi flexpriority ept vpid fsgsbase smep erms
bogomips	: 6186.30
clflush size	: 64
cache_alignment	: 64
address sizes	: 36 bits physical, 48 bits virtual
power management:

processor	: 2
vendor_id	: GenuineIntel
cpu family	: 6
model		: 58
model name	: Intel(R) Core(TM) i5-3450 CPU @ 3.10GHz
stepping	: 9
microcode	: 0x12
cpu MHz		: 3101.000
cache size	: 6144 KB
physical id	: 0
siblings	: 4
core id		: 2
cpu cores	: 4
apicid		: 4
initial apicid	: 4
fpu		: yes
fpu_exception	: yes
cpuid level	: 13
wp		: yes
flags		: fpu vme de pse tsc msr pae mce cx8 apic sep mtrr pge mca cmov pat pse36 clflush dts acpi mmx fxsr sse sse2 ss ht tm pbe syscall nx rdtscp lm constant_tsc arch_perfmon pebs bts rep_good nopl xtopology nonstop_tsc aperfmperf eagerfpu pni pclmulqdq dtes64 monitor ds_cpl vmx est tm2 ssse3 cx16 xtpr pdcm pcid sse4_1 sse4_2 popcnt tsc_deadline_timer aes xsave avx f16c rdrand lahf_lm ida arat epb xsaveopt pln pts dtherm tpr_shadow vnmi flexpriority ept vpid fsgsbase smep erms
bogomips	: 6186.30
clflush size	: 64
cache_alignment	: 64
address sizes	: 36 bits physical, 48 bits virtual
power management:

processor	: 3
vendor_id	: GenuineIntel
cpu family	: 6
model		: 58
model name	: Intel(R) Core(TM) i5-3450 CPU @ 3.10GHz
stepping	: 9
microcode	: 0x12
cpu MHz		: 3101.000
cache size	: 6144 KB
physical id	: 0
siblings	: 4
core id		: 3
cpu cores	: 4
apicid		: 6
initial apicid	: 6
fpu		: yes
fpu_exception	: yes
cpuid level	: 13
wp		: yes
flags		: fpu vme de pse tsc msr pae mce cx8 apic sep mtrr pge mca cmov pat pse36 clflush dts acpi mmx fxsr sse sse2 ss ht tm pbe syscall nx rdtscp lm constant_tsc arch_perfmon pebs bts rep_good nopl xtopology nonstop_tsc aperfmperf eagerfpu pni pclmulqdq dtes64 monitor ds_cpl vmx est tm2 ssse3 cx16 xtpr pdcm pcid sse4_1 sse4_2 popcnt tsc_deadline_timer aes xsave avx f16c rdrand lahf_lm ida arat epb xsaveopt pln pts dtherm tpr_shadow vnmi flexpriority ept vpid fsgsbase smep erms
bogomips	: 6186.30
clflush size	: 64
cache_alignment	: 64
address sizes	: 36 bits physical, 48 bits virtual
power management:



Memory: 4k page, physical 8062904k(1308188k free), swap 8598524k(8598524k free)

vm_info: Java HotSpot(TM) 64-Bit Server VM (24.51-b03) for linux-amd64 JRE (1.7.0_51-b13), built on Dec 18 2013 18:48:01 by "java_re" with gcc 4.3.0 20080428 (Red Hat 4.3.0-8)

time: Fri Jan 17 15:50:32 2014
elapsed time: 13 seconds

